2015-07-09 11:32:13,275+0530 INFO  [jetty-main-1] *SYSTEM org.sonatype.nexus.events.EventSubscriberHost - Initialized
2015-07-09 11:32:13,487+0530 INFO  [jetty-main-1] *SYSTEM org.sonatype.nexus.NxApplication - 
-------------------------------------------------

Initializing Sonatype Nexus 2.11.2-06

-------------------------------------------------
2015-07-09 11:32:13,488+0530 INFO  [jetty-main-1] *SYSTEM org.sonatype.nexus.NxApplication - Activating locally installed plugins...
2015-07-09 11:32:19,800+0530 INFO  [jetty-main-1] *SYSTEM com.sun.jersey.server.impl.application.WebApplicationImpl - Initiating Jersey application, version 'Jersey: 1.17.1 02/28/2013 12:47 PM'
2015-07-09 11:32:39,891+0530 INFO  [jetty-main-1] *SYSTEM org.sonatype.nexus.kazuki.KazukiPlugin - Kazuki version: 0.1.8
2015-07-09 11:32:44,540+0530 INFO  [jetty-main-1] *SYSTEM org.sonatype.nexus.proxy.registry.DefaultRepositoryTypeRegistry - Registered Repository type RepositoryType=(org.sonatype.nexus.proxy.repository.Repository:rubygems-proxy).
2015-07-09 11:32:44,541+0530 INFO  [jetty-main-1] *SYSTEM org.sonatype.nexus.proxy.registry.DefaultRepositoryTypeRegistry - Registered Repository type RepositoryType=(org.sonatype.nexus.proxy.repository.Repository:rubygems-hosted).
2015-07-09 11:32:44,541+0530 INFO  [jetty-main-1] *SYSTEM org.sonatype.nexus.proxy.registry.DefaultRepositoryTypeRegistry - Registered Repository type RepositoryType=(org.sonatype.nexus.proxy.repository.GroupRepository:rubygems-group).
2015-07-09 11:32:46,856+0530 INFO  [jetty-main-1] *SYSTEM org.sonatype.nexus.proxy.registry.DefaultRepositoryTypeRegistry - Registered Repository type RepositoryType=(org.sonatype.nexus.proxy.repository.WebSiteRepository:site).
2015-07-09 11:32:47,601+0530 INFO  [jetty-main-1] *SYSTEM org.sonatype.nexus.proxy.registry.DefaultRepositoryTypeRegistry - Registered Repository type RepositoryType=(org.sonatype.nexus.proxy.repository.Repository:npm-proxy).
2015-07-09 11:32:47,606+0530 INFO  [jetty-main-1] *SYSTEM org.sonatype.nexus.proxy.registry.DefaultRepositoryTypeRegistry - Registered Repository type RepositoryType=(org.sonatype.nexus.proxy.repository.Repository:npm-hosted).
2015-07-09 11:32:47,606+0530 INFO  [jetty-main-1] *SYSTEM org.sonatype.nexus.proxy.registry.DefaultRepositoryTypeRegistry - Registered Repository type RepositoryType=(org.sonatype.nexus.proxy.repository.GroupRepository:npm-group).
2015-07-09 11:32:54,344+0530 INFO  [jetty-main-1] *SYSTEM org.sonatype.nexus.proxy.registry.DefaultRepositoryTypeRegistry - Registered Repository type RepositoryType=(org.sonatype.nexus.proxy.repository.Repository:nuget-proxy).
2015-07-09 11:32:54,345+0530 INFO  [jetty-main-1] *SYSTEM org.sonatype.nexus.proxy.registry.DefaultRepositoryTypeRegistry - Registered Repository type RepositoryType=(org.sonatype.nexus.proxy.repository.ShadowRepository:nuget-shadow).
2015-07-09 11:32:54,345+0530 INFO  [jetty-main-1] *SYSTEM org.sonatype.nexus.proxy.registry.DefaultRepositoryTypeRegistry - Registered Repository type RepositoryType=(org.sonatype.nexus.proxy.repository.GroupRepository:nuget-group).
2015-07-09 11:32:54,720+0530 INFO  [jetty-main-1] *SYSTEM org.sonatype.nexus.NxApplication - Plugin manager request "ACTIVATE" on plugin "org.sonatype.nexus.plugins:nexus-wonderland-plugin:2.11.2-06" was successful.
2015-07-09 11:32:54,720+0530 INFO  [jetty-main-1] *SYSTEM org.sonatype.nexus.NxApplication - Plugin manager request "ACTIVATE" on plugin "org.sonatype.nexus.plugins:nexus-archetype-plugin:2.11.2-06" was successful.
2015-07-09 11:32:54,720+0530 INFO  [jetty-main-1] *SYSTEM org.sonatype.nexus.NxApplication - Plugin manager request "ACTIVATE" on plugin "org.sonatype.nexus.plugins:nexus-lvo-plugin:2.11.2-06" was successful.
2015-07-09 11:32:54,720+0530 INFO  [jetty-main-1] *SYSTEM org.sonatype.nexus.NxApplication - Plugin manager request "ACTIVATE" on plugin "org.sonatype.nexus.plugins:nexus-crypto-plugin:2.11.2-06" was successful.
2015-07-09 11:32:54,721+0530 INFO  [jetty-main-1] *SYSTEM org.sonatype.nexus.NxApplication - Plugin manager request "ACTIVATE" on plugin "com.sonatype.nexus.plugins:nexus-healthcheck-oss-plugin:2.11.2-06" was successful.
2015-07-09 11:32:54,721+0530 INFO  [jetty-main-1] *SYSTEM org.sonatype.nexus.NxApplication - Plugin manager request "ACTIVATE" on plugin "org.sonatype.nexus.plugins:nexus-yum-repository-plugin:2.11.2-06" was successful.
2015-07-09 11:32:54,721+0530 INFO  [jetty-main-1] *SYSTEM org.sonatype.nexus.NxApplication - Plugin manager request "ACTIVATE" on plugin "org.sonatype.nexus.plugins:nexus-ruby-plugin:2.11.2-06" was successful.
2015-07-09 11:32:54,721+0530 INFO  [jetty-main-1] *SYSTEM org.sonatype.nexus.NxApplication - Plugin manager request "ACTIVATE" on plugin "org.sonatype.nexus.plugins:nexus-webresources-plugin:2.11.2-06" was successful.
2015-07-09 11:32:54,722+0530 INFO  [jetty-main-1] *SYSTEM org.sonatype.nexus.NxApplication - Plugin manager request "ACTIVATE" on plugin "org.sonatype.nexus.plugins:nexus-ui-extjs3-plugin:2.11.2-06" was successful.
2015-07-09 11:32:54,722+0530 INFO  [jetty-main-1] *SYSTEM org.sonatype.nexus.NxApplication - Plugin manager request "ACTIVATE" on plugin "org.sonatype.nexus.plugins:nexus-site-repository-plugin:2.11.2-06" was successful.
2015-07-09 11:32:54,722+0530 INFO  [jetty-main-1] *SYSTEM org.sonatype.nexus.NxApplication - Plugin manager request "ACTIVATE" on plugin "org.sonatype.nexus.plugins:nexus-groovy-plugin:2.11.2-06" was successful.
2015-07-09 11:32:54,722+0530 INFO  [jetty-main-1] *SYSTEM org.sonatype.nexus.NxApplication - Plugin manager request "ACTIVATE" on plugin "org.sonatype.nexus.plugins:nexus-npm-repository-plugin:2.11.2-06" was successful.
2015-07-09 11:32:54,722+0530 INFO  [jetty-main-1] *SYSTEM org.sonatype.nexus.NxApplication - Plugin manager request "ACTIVATE" on plugin "org.sonatype.nexus.plugins:nexus-rutauth-plugin:2.11.2-06" was successful.
2015-07-09 11:32:54,722+0530 INFO  [jetty-main-1] *SYSTEM org.sonatype.nexus.NxApplication - Plugin manager request "ACTIVATE" on plugin "org.sonatype.nexus.plugins:nexus-restlet1x-plugin:2.11.2-06" was successful.
2015-07-09 11:32:54,723+0530 INFO  [jetty-main-1] *SYSTEM org.sonatype.nexus.NxApplication - Plugin manager request "ACTIVATE" on plugin "org.sonatype.nexus.plugins:nexus-maven-bridge-plugin:2.11.2-06" was successful.
2015-07-09 11:32:54,723+0530 INFO  [jetty-main-1] *SYSTEM org.sonatype.nexus.NxApplication - Plugin manager request "ACTIVATE" on plugin "org.sonatype.nexus.plugins:nexus-capabilities-plugin:2.11.2-06" was successful.
2015-07-09 11:32:54,723+0530 INFO  [jetty-main-1] *SYSTEM org.sonatype.nexus.NxApplication - Plugin manager request "ACTIVATE" on plugin "org.sonatype.nexus.plugins:nexus-logging-plugin:2.11.2-06" was successful.
2015-07-09 11:32:54,723+0530 INFO  [jetty-main-1] *SYSTEM org.sonatype.nexus.NxApplication - Plugin manager request "ACTIVATE" on plugin "org.sonatype.nexus.plugins:nexus-rrb-plugin:2.11.2-06" was successful.
2015-07-09 11:32:54,723+0530 INFO  [jetty-main-1] *SYSTEM org.sonatype.nexus.NxApplication - Plugin manager request "ACTIVATE" on plugin "org.sonatype.nexus.plugins:nexus-ldap-realm-plugin:2.11.2-06" was successful.
2015-07-09 11:32:54,730+0530 INFO  [jetty-main-1] *SYSTEM org.sonatype.nexus.NxApplication - Plugin manager request "ACTIVATE" on plugin "org.sonatype.nexus.plugins:nexus-timeline-plugin:2.11.2-06" was successful.
2015-07-09 11:32:54,731+0530 INFO  [jetty-main-1] *SYSTEM org.sonatype.nexus.NxApplication - Plugin manager request "ACTIVATE" on plugin "org.sonatype.nexus.plugins:nexus-h2-plugin:2.11.2-06" was successful.
2015-07-09 11:32:54,732+0530 INFO  [jetty-main-1] *SYSTEM org.sonatype.nexus.NxApplication - Plugin manager request "ACTIVATE" on plugin "com.sonatype.nexus.plugins:nexus-analytics-plugin:2.11.2-06" was successful.
2015-07-09 11:32:54,734+0530 INFO  [jetty-main-1] *SYSTEM org.sonatype.nexus.NxApplication - Plugin manager request "ACTIVATE" on plugin "org.sonatype.nexus.plugins:nexus-plugin-console-plugin:2.11.2-06" was successful.
2015-07-09 11:32:54,735+0530 INFO  [jetty-main-1] *SYSTEM org.sonatype.nexus.NxApplication - Plugin manager request "ACTIVATE" on plugin "org.sonatype.nexus.plugins:nexus-kazuki-plugin:2.11.2-06" was successful.
2015-07-09 11:32:54,736+0530 INFO  [jetty-main-1] *SYSTEM org.sonatype.nexus.NxApplication - Plugin manager request "ACTIVATE" on plugin "com.sonatype.nexus.plugins:nexus-nuget-plugin:2.11.2-06" was successful.
2015-07-09 11:32:54,738+0530 INFO  [jetty-main-1] *SYSTEM org.sonatype.nexus.NxApplication - Plugin manager request "ACTIVATE" on plugin "org.sonatype.nexus.plugins:nexus-atlas-plugin:2.11.2-06" was successful.
2015-07-09 11:32:54,739+0530 INFO  [jetty-main-1] *SYSTEM org.sonatype.nexus.NxApplication - Plugin manager request "ACTIVATE" on plugin "org.sonatype.nexus.plugins:nexus-indexer-lucene-plugin:2.11.2-06" was successful.
2015-07-09 11:32:54,741+0530 INFO  [jetty-main-1] *SYSTEM org.sonatype.nexus.NxApplication - Plugin manager request "ACTIVATE" on plugin "org.sonatype.nexus.plugins:nexus-content-plugin:2.11.2-06" was successful.
2015-07-09 11:32:54,742+0530 INFO  [jetty-main-1] *SYSTEM org.sonatype.nexus.NxApplication - Plugin manager request "ACTIVATE" on plugin "com.sonatype.nexus.plugins:nexus-outreach-plugin:2.11.2-06" was successful.
2015-07-09 11:32:54,742+0530 INFO  [jetty-main-1] *SYSTEM org.sonatype.nexus.NxApplication - Plugin manager request "ACTIVATE" on plugin "org.sonatype.nexus.plugins:nexus-siesta-plugin:2.11.2-06" was successful.
2015-07-09 11:32:54,743+0530 INFO  [jetty-main-1] *SYSTEM org.sonatype.nexus.events.EventSubscriberHost - Starting
2015-07-09 11:32:54,857+0530 INFO  [jetty-main-1] *SYSTEM org.sonatype.nexus.timeline.DefaultNexusTimeline - Initializing Nexus Timeline...
2015-07-09 11:32:54,861+0530 INFO  [jetty-main-1] *SYSTEM org.sonatype.nexus.timeline.DefaultNexusTimeline - Starting Nexus Timeline...
2015-07-09 11:32:55,925+0530 INFO  [jetty-main-1] *SYSTEM org.sonatype.timeline.internal.DefaultTimeline - Started Timeline...
2015-07-09 11:32:56,440+0530 WARN  [jetty-main-1] *SYSTEM com.orientechnologies - No enough physical memory available for DISKCACHE: 1,948MB (heap=683MB). Set lower Maximum Heap (-Xmx setting on JVM) and restart OrientDB. Now running with DISKCACHE=256MB
2015-07-09 11:32:57,341+0530 INFO  [jetty-main-1] *SYSTEM org.sonatype.nexus.apachehttpclient.Hc4ProviderImpl - Started (connectionPoolMaxSize 200, connectionPoolSize 20, connectionPoolIdleTime 30000 ms, connectionPoolTimeout 30000 ms, keepAliveMaxDuration 30000 ms)
2015-07-09 11:33:00,432+0530 WARN  [jetty-main-1] *SYSTEM com.orientechnologies.orient.core.storage.impl.local.OSingleFileSegment - {db=npm} segment file 'database.ocf' was not closed correctly last time
2015-07-09 11:33:03,910+0530 INFO  [jetty-main-1] *SYSTEM com.bolyuba.nexus.plugin.npm.service.internal.orient.OrientMetadataStore - Opened database: com.orientechnologies.orient.core.db.document.ODatabaseDocumentTx@374f5bd0
2015-07-09 11:33:03,970+0530 INFO  [jetty-main-1] *SYSTEM com.bolyuba.nexus.plugin.npm.service.internal.orient.OrientMetadataStore - Created pool (maxSize=100): com.orientechnologies.orient.core.db.OPartitionedDatabasePool@16c05543
2015-07-09 11:33:03,972+0530 INFO  [jetty-main-1] *SYSTEM org.sonatype.nexus.configuration.application.DefaultNexusConfiguration - Loading Nexus Configuration...
2015-07-09 11:33:04,032+0530 INFO  [jetty-main-1] *SYSTEM org.sonatype.nexus.configuration.source.StaticConfigurationSource - Configuration loaded successfully.
2015-07-09 11:33:04,132+0530 INFO  [jetty-main-1] *SYSTEM org.sonatype.nexus.configuration.source.FileConfigurationSource - Configuration loaded successfully.
2015-07-09 11:33:04,923+0530 INFO  [jetty-main-1] *SYSTEM org.sonatype.nexus.configuration.source.FileConfigurationSource - Nexus configuration validated successfully.
2015-07-09 11:33:05,057+0530 INFO  [jetty-main-1] *SYSTEM org.sonatype.nexus.configuration.application.DefaultNexusConfiguration - Applying Nexus Configuration...
2015-07-09 11:33:05,119+0530 INFO  [jetty-main-1] *SYSTEM org.sonatype.security.configuration.source.FileSecurityConfigurationSource - Loading Security configuration from D:\Softwares\nexus-2.11.2-06-bundle\nexus-2.11.2-06\..\sonatype-work\nexus\conf\security-configuration.xml
2015-07-09 11:33:05,139+0530 INFO  [jetty-main-1] *SYSTEM org.apache.shiro.cache.ehcache.EhCacheManager - Cache with name 'XmlAuthenticatingRealm.authorizationCache' does not yet exist.  Creating now.
2015-07-09 11:33:05,142+0530 INFO  [jetty-main-1] *SYSTEM org.apache.shiro.cache.ehcache.EhCacheManager - Added EhCache named [XmlAuthenticatingRealm.authorizationCache]
2015-07-09 11:33:05,145+0530 INFO  [jetty-main-1] *SYSTEM org.apache.shiro.cache.ehcache.EhCacheManager - Cache with name 'XmlAuthorizingRealm.authorizationCache' does not yet exist.  Creating now.
2015-07-09 11:33:05,148+0530 INFO  [jetty-main-1] *SYSTEM org.apache.shiro.cache.ehcache.EhCacheManager - Added EhCache named [XmlAuthorizingRealm.authorizationCache]
2015-07-09 11:33:05,241+0530 INFO  [jetty-main-1] *SYSTEM org.sonatype.nexus.proxy.attributes.DefaultLSAttributeStorage - Default FS AttributeStorage in place, using JacksonJSON marshaller.
2015-07-09 11:33:07,178+0530 INFO  [jetty-main-1] *SYSTEM org.sonatype.nexus.proxy.registry.DefaultRepositoryRegistry - Added repository "Central" [id=central][contentClass=Maven2][mainFacet=org.sonatype.nexus.proxy.maven.MavenProxyRepository]
2015-07-09 11:33:07,515+0530 INFO  [jetty-main-1] *SYSTEM org.sonatype.nexus.proxy.registry.DefaultRepositoryRegistry - Added repository "Apache Snapshots" [id=apache-snapshots][contentClass=Maven2][mainFacet=org.sonatype.nexus.proxy.maven.MavenProxyRepository]
2015-07-09 11:33:07,845+0530 INFO  [jetty-main-1] *SYSTEM org.sonatype.nexus.proxy.registry.DefaultRepositoryRegistry - Added repository "Codehaus Snapshots" [id=codehaus-snapshots][contentClass=Maven2][mainFacet=org.sonatype.nexus.proxy.maven.MavenProxyRepository]
2015-07-09 11:33:08,212+0530 INFO  [jetty-main-1] *SYSTEM org.sonatype.nexus.proxy.registry.DefaultRepositoryRegistry - Added repository "Releases" [id=releases][contentClass=Maven2][mainFacet=org.sonatype.nexus.proxy.maven.MavenHostedRepository]
2015-07-09 11:33:08,584+0530 INFO  [jetty-main-1] *SYSTEM org.sonatype.nexus.proxy.registry.DefaultRepositoryRegistry - Added repository "Snapshots" [id=snapshots][contentClass=Maven2][mainFacet=org.sonatype.nexus.proxy.maven.MavenHostedRepository]
2015-07-09 11:33:08,928+0530 INFO  [jetty-main-1] *SYSTEM org.sonatype.nexus.proxy.registry.DefaultRepositoryRegistry - Added repository "3rd party" [id=thirdparty][contentClass=Maven2][mainFacet=org.sonatype.nexus.proxy.maven.MavenHostedRepository]
2015-07-09 11:33:09,059+0530 INFO  [jetty-main-1] *SYSTEM org.sonatype.nexus.proxy.registry.DefaultRepositoryRegistry - Added repository "Central M1 shadow" [id=central-m1][contentClass=Maven1][mainFacet=org.sonatype.nexus.proxy.maven.MavenShadowRepository]
2015-07-09 11:33:09,561+0530 INFO  [jetty-main-1] *SYSTEM org.sonatype.nexus.proxy.registry.DefaultRepositoryRegistry - Added repository "Public Repositories" [id=public][contentClass=Maven2][mainFacet=org.sonatype.nexus.proxy.repository.GroupRepository]
2015-07-09 11:33:09,562+0530 INFO  [jetty-main-1] *SYSTEM org.sonatype.scheduling.DefaultScheduler - Initializing Scheduler...
2015-07-09 11:33:09,562+0530 INFO  [jetty-main-1] *SYSTEM org.sonatype.nexus.scheduling.internal.DefaultTaskConfigManager - 0 task(s) to load.
2015-07-09 11:33:09,565+0530 INFO  [jetty-main-1] *SYSTEM org.sonatype.nexus.NxApplication - Nexus Work Directory : D:\Softwares\nexus-2.11.2-06-bundle\sonatype-work\nexus
2015-07-09 11:33:09,565+0530 INFO  [jetty-main-1] *SYSTEM org.sonatype.nexus.NxApplication - Started Sonatype Nexus 2.11.2-06
2015-07-09 11:33:10,207+0530 INFO  [pxpool-1-thread-1] *SYSTEM org.sonatype.nexus.index.tasks.UpdateIndexTask - Scheduled task (UpdateIndexTask) started :: Updating repository index "Public Repositories" from path null and below.
2015-07-09 11:33:11,411+0530 INFO  [pxpool-1-thread-1] *SYSTEM org.sonatype.nexus.index.NexusScanningListener - Scanning of repositoryID="releases" started.
2015-07-09 11:33:12,517+0530 INFO  [pxpool-1-thread-1] *SYSTEM org.sonatype.nexus.index.NexusScanningListener - Scanning of repositoryID="releases" finished: scanned=0, added=0, updated=0, removed=0, scanningDuration=0:00:01.030
2015-07-09 11:33:12,546+0530 INFO  [pxpool-1-thread-1] *SYSTEM org.sonatype.nexus.index.DefaultIndexerManager - Publishing index for repository releases
2015-07-09 11:33:12,547+0530 WARN  [ar-4-thread-3] *SYSTEM org.sonatype.nexus.proxy.maven.routing.internal.RemoteContentDiscovererImpl - Remote strategy prefix-file error on M2Repository(id=apache-snapshots): java.net.UnknownHostException: repository.apache.org
2015-07-09 11:33:12,547+0530 WARN  [ar-4-thread-2] *SYSTEM org.sonatype.nexus.proxy.maven.routing.internal.RemoteContentDiscovererImpl - Remote strategy prefix-file error on M2Repository(id=codehaus-snapshots): java.net.UnknownHostException: nexus.codehaus.org
2015-07-09 11:33:13,106+0530 INFO  [pxpool-1-thread-1] *SYSTEM org.sonatype.nexus.index.NexusScanningListener - Scanning of repositoryID="snapshots" started.
2015-07-09 11:33:13,804+0530 INFO  [pxpool-1-thread-1] *SYSTEM org.sonatype.nexus.index.NexusScanningListener - Scanning of repositoryID="snapshots" finished: scanned=0, added=0, updated=0, removed=0, scanningDuration=0:00:00.698
2015-07-09 11:33:13,828+0530 INFO  [pxpool-1-thread-1] *SYSTEM org.sonatype.nexus.index.DefaultIndexerManager - Publishing index for repository snapshots
2015-07-09 11:33:14,254+0530 INFO  [pxpool-1-thread-1] *SYSTEM org.sonatype.nexus.index.NexusScanningListener - Scanning of repositoryID="thirdparty" started.
2015-07-09 11:33:14,812+0530 WARN  [ar-4-thread-1] *SYSTEM org.sonatype.nexus.proxy.maven.routing.internal.RemoteContentDiscovererImpl - Remote strategy prefix-file error on M2Repository(id=central): java.net.UnknownHostException: repo1.maven.org
2015-07-09 11:33:14,918+0530 INFO  [ar-4-thread-1] *SYSTEM org.sonatype.nexus.proxy.maven.routing.internal.ManagerImpl - Unpublished prefix file of "Central" [id=central] (and is marked for noscrape)
2015-07-09 11:33:14,944+0530 INFO  [jetty-main-1] *SYSTEM com.sonatype.nexus.plugins.nuget.odata.NugetODataGalleryMigrator - Starting Nuget DB migration.
2015-07-09 11:33:15,017+0530 INFO  [jetty-main-1] *SYSTEM com.sonatype.nexus.plugins.nuget.odata.NugetODataGalleryMigrator - Completed Nuget DB migration.
2015-07-09 11:33:15,018+0530 INFO  [jetty-main-1] *SYSTEM org.sonatype.nexus.webapp.WebappBootstrap - Initialized
2015-07-09 11:33:15,076+0530 INFO  [ar-4-thread-1] *SYSTEM org.sonatype.nexus.proxy.maven.routing.internal.ManagerImpl - Unpublished prefix file of "Public Repositories" [id=public] (and is marked for noscrape)
2015-07-09 11:33:15,616+0530 INFO  [pxpool-1-thread-1] *SYSTEM org.sonatype.nexus.index.NexusScanningListener - Scanning of repositoryID="thirdparty" finished: scanned=0, added=0, updated=0, removed=0, scanningDuration=0:00:01.361
2015-07-09 11:33:15,634+0530 INFO  [pxpool-1-thread-1] *SYSTEM org.sonatype.nexus.index.DefaultIndexerManager - Publishing index for repository thirdparty
2015-07-09 11:33:16,617+0530 INFO  [jetty-main-1] *SYSTEM org.sonatype.nexus.rest.NexusApplication_UriMatching - Strict URI matching: true
2015-07-09 11:33:16,886+0530 INFO  [pxpool-1-thread-1] *SYSTEM org.sonatype.nexus.index.NexusScanningListener - Scanning of repositoryID="central" started.
2015-07-09 11:33:17,781+0530 INFO  [jetty-main-1] *SYSTEM org.sonatype.nexus.configuration.ModelUtils - Loading model D:\Softwares\nexus-2.11.2-06-bundle\sonatype-work\nexus\conf\ldap.xml
2015-07-09 11:33:17,825+0530 INFO  [jetty-main-1] *SYSTEM org.sonatype.nexus.configuration.ModelUtils - Loading model D:\Softwares\nexus-2.11.2-06-bundle\sonatype-work\nexus\conf\lvo-plugin.xml
2015-07-09 11:33:19,075+0530 INFO  [pxpool-1-thread-1] *SYSTEM org.sonatype.nexus.index.NexusScanningListener - Scanning of repositoryID="central" finished: scanned=0, added=0, updated=0, removed=0, scanningDuration=0:00:02.189
2015-07-09 11:33:19,088+0530 INFO  [pxpool-1-thread-1] *SYSTEM org.sonatype.nexus.index.DefaultIndexerManager - Publishing index for repository central
2015-07-09 11:33:19,723+0530 INFO  [jetty-main-1] *SYSTEM org.sonatype.nexus.plugins.siesta.SiestaModule - Resources:
2015-07-09 11:33:19,726+0530 INFO  [jetty-main-1] *SYSTEM org.sonatype.nexus.plugins.siesta.SiestaModule -   /service/siesta/analytics/events
2015-07-09 11:33:19,727+0530 INFO  [jetty-main-1] *SYSTEM org.sonatype.nexus.plugins.siesta.SiestaModule -   /service/siesta/analytics/settings
2015-07-09 11:33:19,727+0530 INFO  [jetty-main-1] *SYSTEM org.sonatype.nexus.plugins.siesta.SiestaModule -   /service/siesta/atlas/security-diagnostic
2015-07-09 11:33:19,727+0530 INFO  [jetty-main-1] *SYSTEM org.sonatype.nexus.plugins.siesta.SiestaModule -   /service/siesta/atlas/support-zip
2015-07-09 11:33:19,727+0530 INFO  [jetty-main-1] *SYSTEM org.sonatype.nexus.plugins.siesta.SiestaModule -   /service/siesta/atlas/system-information
2015-07-09 11:33:19,728+0530 INFO  [jetty-main-1] *SYSTEM org.sonatype.nexus.plugins.siesta.SiestaModule -   /service/siesta/capabilities
2015-07-09 11:33:19,728+0530 INFO  [jetty-main-1] *SYSTEM org.sonatype.nexus.plugins.siesta.SiestaModule -   /service/siesta/capabilities/stores
2015-07-09 11:33:19,728+0530 INFO  [jetty-main-1] *SYSTEM org.sonatype.nexus.plugins.siesta.SiestaModule -   /service/siesta/capabilities/types
2015-07-09 11:33:19,728+0530 INFO  [jetty-main-1] *SYSTEM org.sonatype.nexus.plugins.siesta.SiestaModule -   /service/siesta/healthcheck/gaDetails
2015-07-09 11:33:19,729+0530 INFO  [jetty-main-1] *SYSTEM org.sonatype.nexus.plugins.siesta.SiestaModule -   /service/siesta/healthcheck/gavDetails
2015-07-09 11:33:19,729+0530 INFO  [jetty-main-1] *SYSTEM org.sonatype.nexus.plugins.siesta.SiestaModule -   /service/siesta/healthcheck/healthCheckEula
2015-07-09 11:33:19,729+0530 INFO  [jetty-main-1] *SYSTEM org.sonatype.nexus.plugins.siesta.SiestaModule -   /service/siesta/healthcheck/healthCheckInfo
2015-07-09 11:33:19,729+0530 INFO  [jetty-main-1] *SYSTEM org.sonatype.nexus.plugins.siesta.SiestaModule -   /service/siesta/healthcheck/healthCheckStatus
2015-07-09 11:33:19,730+0530 INFO  [jetty-main-1] *SYSTEM org.sonatype.nexus.plugins.siesta.SiestaModule -   /service/siesta/healthcheck/healthCheckSummary/{repositoryId}/{path:.*}
2015-07-09 11:33:19,730+0530 INFO  [jetty-main-1] *SYSTEM org.sonatype.nexus.plugins.siesta.SiestaModule -   /service/siesta/logging/log
2015-07-09 11:33:19,730+0530 INFO  [jetty-main-1] *SYSTEM org.sonatype.nexus.plugins.siesta.SiestaModule -   /service/siesta/logging/loggers
2015-07-09 11:33:19,730+0530 INFO  [jetty-main-1] *SYSTEM org.sonatype.nexus.plugins.siesta.SiestaModule -   /service/siesta/wonderland/authenticate
2015-07-09 11:33:19,731+0530 INFO  [jetty-main-1] *SYSTEM org.sonatype.nexus.plugins.siesta.SiestaModule -   /service/siesta/wonderland/download
2015-07-09 11:33:19,731+0530 INFO  [jetty-main-1] *SYSTEM org.sonatype.nexus.plugins.siesta.SiestaModule -   /service/siesta/wonderland/settings
2015-07-09 11:33:19,731+0530 INFO  [jetty-main-1] *SYSTEM org.sonatype.nexus.plugins.siesta.SiestaModule - Components:
2015-07-09 11:33:19,732+0530 INFO  [jetty-main-1] *SYSTEM org.sonatype.nexus.plugins.siesta.SiestaModule -   org.sonatype.nexus.plugins.capabilities.internal.rest.CapabilityNotFoundExceptionMapper
2015-07-09 11:33:19,732+0530 INFO  [jetty-main-1] *SYSTEM org.sonatype.nexus.plugins.siesta.SiestaModule -   org.sonatype.nexus.plugins.siesta.AuthorizationExceptionMapper
2015-07-09 11:33:19,732+0530 INFO  [jetty-main-1] *SYSTEM org.sonatype.nexus.plugins.siesta.SiestaModule -   org.sonatype.nexus.plugins.siesta.InvalidConfigurationExceptionMapper
2015-07-09 11:33:19,732+0530 INFO  [jetty-main-1] *SYSTEM org.sonatype.nexus.plugins.siesta.SiestaModule -   org.sonatype.nexus.plugins.siesta.NoSuchRepositoryExceptionMapper
2015-07-09 11:33:19,733+0530 INFO  [jetty-main-1] *SYSTEM org.sonatype.nexus.plugins.siesta.SiestaModule -   org.sonatype.sisu.siesta.jackson.JacksonProvider
2015-07-09 11:33:19,733+0530 INFO  [jetty-main-1] *SYSTEM org.sonatype.nexus.plugins.siesta.SiestaModule -   org.sonatype.sisu.siesta.server.internal.mappers.BadRequestExceptionMapper
2015-07-09 11:33:19,765+0530 INFO  [jetty-main-1] *SYSTEM org.sonatype.nexus.plugins.siesta.SiestaModule -   org.sonatype.sisu.siesta.server.internal.mappers.ConstraintViolationExceptionMapper
2015-07-09 11:33:19,766+0530 INFO  [jetty-main-1] *SYSTEM org.sonatype.nexus.plugins.siesta.SiestaModule -   org.sonatype.sisu.siesta.server.internal.mappers.InvalidObjectExceptionMapper
2015-07-09 11:33:19,767+0530 INFO  [jetty-main-1] *SYSTEM org.sonatype.nexus.plugins.siesta.SiestaModule -   org.sonatype.sisu.siesta.server.internal.mappers.ObjectNotFoundExceptionMapper
2015-07-09 11:33:19,768+0530 INFO  [jetty-main-1] *SYSTEM org.sonatype.nexus.plugins.siesta.SiestaModule -   org.sonatype.sisu.siesta.server.internal.mappers.ThrowableExceptionMapper
2015-07-09 11:33:19,769+0530 INFO  [jetty-main-1] *SYSTEM org.sonatype.nexus.plugins.siesta.SiestaModule -   org.sonatype.sisu.siesta.server.internal.mappers.ValidationErrorsExceptionMapper
2015-07-09 11:33:19,770+0530 INFO  [jetty-main-1] *SYSTEM org.sonatype.nexus.plugins.siesta.SiestaModule -   org.sonatype.sisu.siesta.server.internal.mappers.WebApplicationExceptionMapper
2015-07-09 11:33:19,771+0530 INFO  [jetty-main-1] *SYSTEM org.sonatype.nexus.plugins.siesta.SiestaModule -   org.sonatype.sisu.siesta.server.internal.mappers.WebApplicationMessageExceptionMapper
2015-07-09 11:33:19,795+0530 INFO  [pxpool-1-thread-1] *SYSTEM org.sonatype.nexus.index.DefaultIndexerManager - Publishing index for repository public
2015-07-09 11:33:20,409+0530 INFO  [pxpool-1-thread-1] *SYSTEM org.sonatype.nexus.index.tasks.UpdateIndexTask - Scheduled task (UpdateIndexTask) finished :: Updating repository index "Public Repositories" from path null and below. (started 2015-07-09T11:33:10+05:30, runtime 0:00:10.148)
2015-07-09 11:33:20,765+0530 INFO  [pxpool-1-thread-1] *SYSTEM org.sonatype.nexus.configuration.application.DefaultNexusConfiguration - Applying Nexus Configuration due to changes in [Scheduled Tasks] made by *TASK...
2015-07-09 11:33:22,294+0530 INFO  [jetty-main-1] *SYSTEM org.sonatype.nexus.webresources.internal.WebResourceServiceImpl - Discovered 1973 resources
2015-07-09 11:33:22,296+0530 INFO  [jetty-main-1] *SYSTEM org.sonatype.nexus.webresources.internal.WebResourceServlet - Max-age: 30 days (2592000 seconds)
2015-07-09 11:33:22,456+0530 INFO  [jetty-main-1] *SYSTEM org.sonatype.nexus.bootstrap.jetty.InstrumentedSelectChannelConnector - Metrics enabled
2015-07-09 11:33:22,744+0530 INFO  [jetty-main-1] *SYSTEM org.eclipse.jetty.server.AbstractConnector - Started InstrumentedSelectChannelConnector@0.0.0.0:8081
2015-07-09 11:33:22,745+0530 INFO  [jetty-main-1] *SYSTEM org.sonatype.nexus.bootstrap.jetty.JettyServer - Running
2015-07-09 11:33:22,784+0530 INFO  [WrapperListener_start_runner] *SYSTEM org.sonatype.nexus.bootstrap.jetty.JettyServer - Started
2015-07-09 11:34:29,776+0530 INFO  [qtp601342930-54] *SYSTEM org.apache.shiro.nexus5727.FixedDefaultWebSessionManager - Global session timeout: 1800000 ms
2015-07-09 11:34:29,779+0530 INFO  [qtp601342930-54] *SYSTEM org.apache.shiro.session.mgt.AbstractValidatingSessionManager - Enabling session validation scheduler...
2015-07-09 11:34:29,897+0530 INFO  [qtp601342930-54] *UNKNOWN org.sonatype.nexus.velocity.VelocityEngineProvider - Creating Nexus VelocityEngine
2015-07-09 11:34:40,999+0530 INFO  [qtp601342930-52] *UNKNOWN org.sonatype.security.model.source.FileModelConfigurationSource - Loading security configuration from: D:\Softwares\nexus-2.11.2-06-bundle\nexus-2.11.2-06\..\sonatype-work\nexus\conf\security.xml
2015-07-09 11:34:41,372+0530 INFO  [qtp601342930-57] *UNKNOWN /nexus - nexus: [Noelios Restlet Engine] - Attaching application: org.sonatype.nexus.rest.NexusApplication@3801ffe4 to URI: /nexus/service/local
2015-07-09 11:34:42,374+0530 INFO  [qtp601342930-57] anonymous com.sonatype.nexus.plugins.outreach.internal.outreach.SonatypeOutreach - Could not download page bundle
java.net.UnknownHostException: links.sonatype.com
2015-07-09 11:34:42,422+0530 INFO  [qtp601342930-54] anonymous com.sonatype.nexus.plugins.outreach.internal.outreach.SonatypeOutreach - Could not download page bundle
java.net.UnknownHostException: links.sonatype.com
2015-07-09 11:34:56,787+0530 INFO  [qtp601342930-54] *UNKNOWN org.apache.shiro.cache.ehcache.EhCacheManager - Using existing EHCache named [shiro-activeSessionCache]
2015-07-09 11:34:57,692+0530 INFO  [qtp601342930-56] admin com.sonatype.nexus.plugins.outreach.internal.outreach.SonatypeOutreach - Could not download page bundle
java.net.UnknownHostException: links.sonatype.com
2015-07-09 11:34:57,786+0530 INFO  [qtp601342930-57] admin com.sonatype.nexus.plugins.outreach.internal.outreach.SonatypeOutreach - Could not download page bundle
java.net.UnknownHostException: links.sonatype.com
2015-07-09 11:35:25,402+0530 INFO  [proxy-3-thread-1] admin org.sonatype.nexus.proxy.storage.remote.httpclient.HttpClientRemoteStorage - Initializing remote transport for proxy repository "Codehaus Snapshots" [id=codehaus-snapshots]...
2015-07-09 11:35:25,409+0530 INFO  [proxy-3-thread-3] admin org.sonatype.nexus.proxy.storage.remote.httpclient.HttpClientRemoteStorage - Initializing remote transport for proxy repository "Central" [id=central]...
2015-07-09 11:35:25,409+0530 INFO  [proxy-3-thread-2] admin org.sonatype.nexus.proxy.storage.remote.httpclient.HttpClientRemoteStorage - Initializing remote transport for proxy repository "Apache Snapshots" [id=apache-snapshots]...
2015-07-09 11:35:25,483+0530 WARN  [proxy-3-thread-1] admin org.sonatype.nexus.proxy.maven.maven2.M2Repository - Remote peer of proxy repository "Codehaus Snapshots" [id=codehaus-snapshots] threw a org.sonatype.nexus.proxy.RemoteStorageException exception. Connection/transport problems occured while connecting to remote peer of the repository. Auto-blocking this repository to prevent further connection-leaks and known-to-fail outbound connections until administrator fixes the problems, or Nexus detects remote repository as healthy. - Cause(s): Transport error while executing GET method [repositoryId="codehaus-snapshots", requestPath="/", remoteUrl="https://nexus.codehaus.org/snapshots/"] > nexus.codehaus.org
2015-07-09 11:35:25,483+0530 WARN  [proxy-3-thread-2] admin org.sonatype.nexus.proxy.maven.maven2.M2Repository - Remote peer of proxy repository "Apache Snapshots" [id=apache-snapshots] threw a org.sonatype.nexus.proxy.RemoteStorageException exception. Connection/transport problems occured while connecting to remote peer of the repository. Auto-blocking this repository to prevent further connection-leaks and known-to-fail outbound connections until administrator fixes the problems, or Nexus detects remote repository as healthy. - Cause(s): Transport error while executing GET method [repositoryId="apache-snapshots", requestPath="/", remoteUrl="https://repository.apache.org/snapshots/"] > repository.apache.org
2015-07-09 11:35:25,503+0530 INFO  [RepositoryStatusChecker-codehaus-snapshots] *SYSTEM org.sonatype.nexus.proxy.maven.maven2.M2Repository-codehaus-snapshots - Next attempt to auto-unblock the "Codehaus Snapshots" (id=codehaus-snapshots) repository by checking its remote peer health will occur in 40 seconds.
2015-07-09 11:35:25,506+0530 INFO  [RepositoryStatusChecker-apache-snapshots] *SYSTEM org.sonatype.nexus.proxy.maven.maven2.M2Repository-apache-snapshots - Next attempt to auto-unblock the "Apache Snapshots" (id=apache-snapshots) repository by checking its remote peer health will occur in 40 seconds.
2015-07-09 11:35:25,519+0530 WARN  [qtp601342930-57] admin java.util.prefs - Could not open/create prefs root node Software\JavaSoft\Prefs at root 0x80000002. Windows RegCreateKeyEx(...) returned error code 5.
2015-07-09 11:35:27,707+0530 WARN  [proxy-3-thread-3] admin org.sonatype.nexus.proxy.maven.maven2.M2Repository - Remote peer of proxy repository "Central" [id=central] threw a org.sonatype.nexus.proxy.RemoteStorageException exception. Connection/transport problems occured while connecting to remote peer of the repository. Auto-blocking this repository to prevent further connection-leaks and known-to-fail outbound connections until administrator fixes the problems, or Nexus detects remote repository as healthy. - Cause(s): Transport error while executing GET method [repositoryId="central", requestPath="/", remoteUrl="https://repo1.maven.org/maven2/"] > repo1.maven.org
2015-07-09 11:35:27,708+0530 INFO  [RepositoryStatusChecker-central] *SYSTEM org.sonatype.nexus.proxy.maven.maven2.M2Repository-central - Next attempt to auto-unblock the "Central" (id=central) repository by checking its remote peer health will occur in 40 seconds.
2015-07-09 11:36:05,504+0530 INFO  [RepositoryStatusChecker-codehaus-snapshots] *SYSTEM org.sonatype.nexus.proxy.maven.maven2.M2Repository-codehaus-snapshots - Next attempt to auto-unblock the "Codehaus Snapshots" (id=codehaus-snapshots) repository by checking its remote peer health will occur in 1 minute 20 seconds.
2015-07-09 11:36:05,509+0530 INFO  [RepositoryStatusChecker-apache-snapshots] *SYSTEM org.sonatype.nexus.proxy.maven.maven2.M2Repository-apache-snapshots - Next attempt to auto-unblock the "Apache Snapshots" (id=apache-snapshots) repository by checking its remote peer health will occur in 1 minute 20 seconds.
2015-07-09 11:36:07,709+0530 INFO  [RepositoryStatusChecker-central] *SYSTEM org.sonatype.nexus.proxy.maven.maven2.M2Repository-central - Next attempt to auto-unblock the "Central" (id=central) repository by checking its remote peer health will occur in 1 minute 20 seconds.
2015-07-09 11:37:25,507+0530 INFO  [RepositoryStatusChecker-codehaus-snapshots] *SYSTEM org.sonatype.nexus.proxy.maven.maven2.M2Repository-codehaus-snapshots - Next attempt to auto-unblock the "Codehaus Snapshots" (id=codehaus-snapshots) repository by checking its remote peer health will occur in 2 minutes.
2015-07-09 11:37:25,514+0530 INFO  [RepositoryStatusChecker-apache-snapshots] *SYSTEM org.sonatype.nexus.proxy.maven.maven2.M2Repository-apache-snapshots - Next attempt to auto-unblock the "Apache Snapshots" (id=apache-snapshots) repository by checking its remote peer health will occur in 2 minutes.
2015-07-09 11:37:27,710+0530 INFO  [RepositoryStatusChecker-central] *SYSTEM org.sonatype.nexus.proxy.maven.maven2.M2Repository-central - Next attempt to auto-unblock the "Central" (id=central) repository by checking its remote peer health will occur in 2 minutes.
2015-07-09 11:39:25,510+0530 INFO  [RepositoryStatusChecker-codehaus-snapshots] *SYSTEM org.sonatype.nexus.proxy.maven.maven2.M2Repository-codehaus-snapshots - Next attempt to auto-unblock the "Codehaus Snapshots" (id=codehaus-snapshots) repository by checking its remote peer health will occur in 3 minutes 20 seconds.
2015-07-09 11:39:25,516+0530 INFO  [RepositoryStatusChecker-apache-snapshots] *SYSTEM org.sonatype.nexus.proxy.maven.maven2.M2Repository-apache-snapshots - Next attempt to auto-unblock the "Apache Snapshots" (id=apache-snapshots) repository by checking its remote peer health will occur in 3 minutes 20 seconds.
2015-07-09 11:39:27,712+0530 INFO  [RepositoryStatusChecker-central] *SYSTEM org.sonatype.nexus.proxy.maven.maven2.M2Repository-central - Next attempt to auto-unblock the "Central" (id=central) repository by checking its remote peer health will occur in 3 minutes 20 seconds.
2015-07-09 11:42:45,513+0530 INFO  [RepositoryStatusChecker-codehaus-snapshots] *SYSTEM org.sonatype.nexus.proxy.maven.maven2.M2Repository-codehaus-snapshots - Next attempt to auto-unblock the "Codehaus Snapshots" (id=codehaus-snapshots) repository by checking its remote peer health will occur in 5 minutes 20 seconds.
2015-07-09 11:42:45,520+0530 INFO  [RepositoryStatusChecker-apache-snapshots] *SYSTEM org.sonatype.nexus.proxy.maven.maven2.M2Repository-apache-snapshots - Next attempt to auto-unblock the "Apache Snapshots" (id=apache-snapshots) repository by checking its remote peer health will occur in 5 minutes 20 seconds.
2015-07-09 11:42:47,714+0530 INFO  [RepositoryStatusChecker-central] *SYSTEM org.sonatype.nexus.proxy.maven.maven2.M2Repository-central - Next attempt to auto-unblock the "Central" (id=central) repository by checking its remote peer health will occur in 5 minutes 20 seconds.
2015-07-09 11:48:05,518+0530 INFO  [RepositoryStatusChecker-codehaus-snapshots] *SYSTEM org.sonatype.nexus.proxy.maven.maven2.M2Repository-codehaus-snapshots - Next attempt to auto-unblock the "Codehaus Snapshots" (id=codehaus-snapshots) repository by checking its remote peer health will occur in 8 minutes 40 seconds.
2015-07-09 11:48:05,524+0530 INFO  [RepositoryStatusChecker-apache-snapshots] *SYSTEM org.sonatype.nexus.proxy.maven.maven2.M2Repository-apache-snapshots - Next attempt to auto-unblock the "Apache Snapshots" (id=apache-snapshots) repository by checking its remote peer health will occur in 8 minutes 40 seconds.
2015-07-09 11:48:07,753+0530 INFO  [RepositoryStatusChecker-central] *SYSTEM org.sonatype.nexus.proxy.maven.maven2.M2Repository-central - Next attempt to auto-unblock the "Central" (id=central) repository by checking its remote peer health will occur in 8 minutes 40 seconds.
2015-07-09 11:56:46,823+0530 INFO  [RepositoryStatusChecker-codehaus-snapshots] *SYSTEM org.sonatype.nexus.proxy.maven.maven2.M2Repository-codehaus-snapshots - Next attempt to auto-unblock the "Codehaus Snapshots" (id=codehaus-snapshots) repository by checking its remote peer health will occur in 14 minutes.
2015-07-09 11:56:46,831+0530 INFO  [RepositoryStatusChecker-apache-snapshots] *SYSTEM org.sonatype.nexus.proxy.maven.maven2.M2Repository-apache-snapshots - Next attempt to auto-unblock the "Apache Snapshots" (id=apache-snapshots) repository by checking its remote peer health will occur in 14 minutes.
2015-07-09 11:56:47,755+0530 INFO  [RepositoryStatusChecker-central] *SYSTEM org.sonatype.nexus.proxy.maven.maven2.M2Repository-central - Next attempt to auto-unblock the "Central" (id=central) repository by checking its remote peer health will occur in 14 minutes.
2015-07-09 12:25:36,528+0530 INFO  [RepositoryStatusChecker-codehaus-snapshots] *SYSTEM org.sonatype.nexus.proxy.maven.maven2.M2Repository-codehaus-snapshots - Next attempt to auto-unblock the "Codehaus Snapshots" (id=codehaus-snapshots) repository by checking its remote peer health will occur in 22 minutes 40 seconds.
2015-07-09 12:25:40,060+0530 INFO  [RepositoryStatusChecker-apache-snapshots] *SYSTEM org.sonatype.nexus.proxy.maven.maven2.M2Repository-apache-snapshots - Next attempt to auto-unblock the "Apache Snapshots" (id=apache-snapshots) repository by checking its remote peer health will occur in 22 minutes 40 seconds.
2015-07-09 12:25:40,061+0530 INFO  [RepositoryStatusChecker-central] *SYSTEM org.sonatype.nexus.proxy.maven.maven2.M2Repository-central - Next attempt to auto-unblock the "Central" (id=central) repository by checking its remote peer health will occur in 22 minutes 40 seconds.
2015-07-09 12:34:30,494+0530 INFO  [Thread-20] *SYSTEM org.apache.shiro.session.mgt.AbstractValidatingSessionManager - Validating all active sessions...
2015-07-09 12:34:31,169+0530 INFO  [Thread-20] *SYSTEM org.apache.shiro.session.mgt.AbstractValidatingSessionManager - Finished session validation.  [1] sessions were stopped.
2015-07-09 12:48:16,528+0530 INFO  [RepositoryStatusChecker-codehaus-snapshots] *SYSTEM org.sonatype.nexus.proxy.maven.maven2.M2Repository-codehaus-snapshots - Next attempt to auto-unblock the "Codehaus Snapshots" (id=codehaus-snapshots) repository by checking its remote peer health will occur in 36 minutes 40 seconds.
2015-07-09 12:48:20,176+0530 INFO  [RepositoryStatusChecker-central] *SYSTEM org.sonatype.nexus.proxy.maven.maven2.M2Repository-central - Next attempt to auto-unblock the "Central" (id=central) repository by checking its remote peer health will occur in 36 minutes 40 seconds.
2015-07-09 12:48:20,194+0530 INFO  [RepositoryStatusChecker-apache-snapshots] *SYSTEM org.sonatype.nexus.proxy.maven.maven2.M2Repository-apache-snapshots - Next attempt to auto-unblock the "Apache Snapshots" (id=apache-snapshots) repository by checking its remote peer health will occur in 36 minutes 40 seconds.
2015-07-09 12:48:32,817+0530 WARN  [proxy-3-thread-16] *SYSTEM org.sonatype.nexus.proxy.maven.maven2.M2Repository - Remote peer of proxy repository "Central" [id=central] detected as healthy, un-blocking the proxy repository (it was AutoBlocked by Nexus).
2015-07-09 12:48:32,817+0530 WARN  [proxy-3-thread-15] *SYSTEM org.sonatype.nexus.proxy.maven.maven2.M2Repository - Remote peer of proxy repository "Codehaus Snapshots" [id=codehaus-snapshots] detected as healthy, un-blocking the proxy repository (it was AutoBlocked by Nexus).
2015-07-09 12:48:32,817+0530 WARN  [proxy-3-thread-17] *SYSTEM org.sonatype.nexus.proxy.maven.maven2.M2Repository - Remote peer of proxy repository "Apache Snapshots" [id=apache-snapshots] detected as healthy, un-blocking the proxy repository (it was AutoBlocked by Nexus).
2015-07-09 14:06:02,525+0530 INFO  [Thread-20] *SYSTEM org.apache.shiro.session.mgt.AbstractValidatingSessionManager - Validating all active sessions...
2015-07-09 14:06:02,940+0530 INFO  [Thread-20] *SYSTEM org.apache.shiro.session.mgt.AbstractValidatingSessionManager - Finished session validation.  No sessions were stopped.
2015-07-09 14:06:26,341+0530 WARN  [ar-4-thread-3] *SYSTEM org.sonatype.nexus.proxy.maven.routing.internal.RemoteContentDiscovererImpl - Remote strategy prefix-file error on M2Repository(id=codehaus-snapshots): java.net.UnknownHostException: nexus.codehaus.org
2015-07-09 14:06:26,341+0530 WARN  [ar-4-thread-2] *SYSTEM org.sonatype.nexus.proxy.maven.routing.internal.RemoteContentDiscovererImpl - Remote strategy prefix-file error on M2Repository(id=apache-snapshots): java.net.UnknownHostException: repository.apache.org
2015-07-09 14:06:35,360+0530 WARN  [ar-4-thread-4] *SYSTEM org.sonatype.nexus.proxy.maven.routing.internal.RemoteContentDiscovererImpl - Remote strategy prefix-file error on M2Repository(id=central): java.net.UnknownHostException: repo1.maven.org
2015-07-09 14:33:26,122+0530 INFO  [ar-4-thread-5] *SYSTEM org.sonatype.nexus.proxy.maven.routing.internal.ManagerImpl - Updated and published prefix file of "Public Repositories" [id=public]
2015-07-09 14:34:32,058+0530 INFO  [Thread-20] *SYSTEM org.apache.shiro.session.mgt.AbstractValidatingSessionManager - Validating all active sessions...
2015-07-09 14:34:32,080+0530 INFO  [Thread-20] *SYSTEM org.apache.shiro.session.mgt.AbstractValidatingSessionManager - Finished session validation.  No sessions were stopped.
2015-07-09 15:34:32,100+0530 INFO  [Thread-20] *SYSTEM org.apache.shiro.session.mgt.AbstractValidatingSessionManager - Validating all active sessions...
2015-07-09 15:34:32,549+0530 INFO  [Thread-20] *SYSTEM org.apache.shiro.session.mgt.AbstractValidatingSessionManager - Finished session validation.  No sessions were stopped.
2015-07-09 16:34:32,420+0530 INFO  [Thread-20] *SYSTEM org.apache.shiro.session.mgt.AbstractValidatingSessionManager - Validating all active sessions...
2015-07-09 16:34:32,867+0530 INFO  [Thread-20] *SYSTEM org.apache.shiro.session.mgt.AbstractValidatingSessionManager - Finished session validation.  No sessions were stopped.
2015-07-09 17:34:32,391+0530 INFO  [Thread-20] *SYSTEM org.apache.shiro.session.mgt.AbstractValidatingSessionManager - Validating all active sessions...
2015-07-09 17:34:32,408+0530 INFO  [Thread-20] *SYSTEM org.apache.shiro.session.mgt.AbstractValidatingSessionManager - Finished session validation.  No sessions were stopped.
